<?xml version="1.0" encoding="UTF-8"?>
<!-- Generated by org.testng.reporters.JUnitReportReporter -->
<testsuite hostname="IXEDLAP00809" failures="0" tests="7" name="TestNgTutorials.TestNgTutorials.attributesInTestNG.GroupsAttributes" time="0.007" errors="0" timestamp="2024-04-18T06:35:52 IST" skipped="0">
  <testcase classname="TestNgTutorials.TestNgTutorials.attributesInTestNG.GroupsAttributes" name="methodTest11" time="0.001"/>
  <system-out/>
  <testcase classname="TestNgTutorials.TestNgTutorials.attributesInTestNG.GroupsAttributes" name="methodTest13" time="0.001"/>
  <system-out/>
  <testcase classname="TestNgTutorials.TestNgTutorials.attributesInTestNG.GroupsAttributes" name="methodTest15" time="0.001"/>
  <system-out/>
  <testcase classname="TestNgTutorials.TestNgTutorials.attributesInTestNG.GroupsAttributes" name="methodTest19" time="0.000"/>
  <system-out/>
  <testcase classname="TestNgTutorials.TestNgTutorials.attributesInTestNG.GroupsAttributes" name="methodTest18" time="0.001"/>
  <system-out/>
  <testcase classname="TestNgTutorials.TestNgTutorials.attributesInTestNG.GroupsAttributes" name="methodTest17" time="0.002"/>
  <system-out/>
  <testcase classname="TestNgTutorials.TestNgTutorials.attributesInTestNG.GroupsAttributes" name="methodTest16" time="0.001"/>
  <system-out/>
</testsuite> <!-- TestNgTutorials.TestNgTutorials.attributesInTestNG.GroupsAttributes -->
