<?xml version="1.0" encoding="UTF-8"?>
<!-- Generated by org.testng.reporters.JUnitReportReporter -->
<testsuite hostname="IXEDLAP00809" failures="0" tests="1" name="TestNgTutorials.TestNgTutorials.attributesInTestNG.GroupsAttribute" time="0.007" errors="0" timestamp="2024-04-18T06:38:21 IST" skipped="0">
  <testcase classname="TestNgTutorials.TestNgTutorials.attributesInTestNG.GroupsAttribute" name="methodTest1" time="0.007"/>
  <system-out/>
</testsuite> <!-- TestNgTutorials.TestNgTutorials.attributesInTestNG.GroupsAttribute -->
