<?xml version="1.0" encoding="UTF-8"?>
<!-- Generated by org.testng.reporters.JUnitReportReporter -->
<testsuite hostname="IXEDLAP00809" failures="0" tests="2" name="TestNgTutorials.TestNgTutorials.configurationAnnotations.TestNg_Annotations" time="0.006" errors="0" timestamp="2024-04-13T22:12:58 IST" skipped="0">
  <testcase classname="TestNgTutorials.TestNgTutorials.configurationAnnotations.TestNg_Annotations" name="test1_BootstrapDatePicker" time="0.005"/>
  <system-out/>
  <testcase classname="TestNgTutorials.TestNgTutorials.configurationAnnotations.TestNg_Annotations" name="test2_JQueryDatePicker" time="0.001"/>
  <system-out/>
</testsuite> <!-- TestNgTutorials.TestNgTutorials.configurationAnnotations.TestNg_Annotations -->
