<?xml version="1.0" encoding="UTF-8"?>
<!-- Generated by org.testng.reporters.JUnitReportReporter -->
<testsuite hostname="IXEDLAP00809" failures="0" tests="8" name="TestNgTutorials.TestNgTutorials.attributesInTestNG.PriorityAttribute" time="0.018" errors="0" timestamp="2024-04-16T08:58:46 IST" skipped="0">
  <testcase classname="TestNgTutorials.TestNgTutorials.attributesInTestNG.PriorityAttribute" name="testMethod1" time="0.008"/>
  <system-out/>
  <testcase classname="TestNgTutorials.TestNgTutorials.attributesInTestNG.PriorityAttribute" name="testMethod8" time="0.002"/>
  <system-out/>
  <testcase classname="TestNgTutorials.TestNgTutorials.attributesInTestNG.PriorityAttribute" name="testMethod3" time="0.001"/>
  <system-out/>
  <testcase classname="TestNgTutorials.TestNgTutorials.attributesInTestNG.PriorityAttribute" name="testMethod4" time="0.002"/>
  <system-out/>
  <testcase classname="TestNgTutorials.TestNgTutorials.attributesInTestNG.PriorityAttribute" name="testMethod5" time="0.001"/>
  <system-out/>
  <testcase classname="TestNgTutorials.TestNgTutorials.attributesInTestNG.PriorityAttribute" name="testMethod6" time="0.001"/>
  <system-out/>
  <testcase classname="TestNgTutorials.TestNgTutorials.attributesInTestNG.PriorityAttribute" name="testMethod7" time="0.002"/>
  <system-out/>
  <testcase classname="TestNgTutorials.TestNgTutorials.attributesInTestNG.PriorityAttribute" name="testMethod2" time="0.001"/>
  <system-out/>
</testsuite> <!-- TestNgTutorials.TestNgTutorials.attributesInTestNG.PriorityAttribute -->
