<?xml version="1.0" encoding="UTF-8"?>
<!-- Generated by org.testng.reporters.JUnitReportReporter -->
<testsuite hostname="IXEDLAP00809" failures="0" tests="2" name="TestNgTutorials.TestNgTutorials.configurationAnnotations.TestNg_Annotations_Datepicker" time="0.009" errors="0" timestamp="2024-04-16T07:11:24 IST" skipped="0">
  <testcase classname="TestNgTutorials.TestNgTutorials.configurationAnnotations.TestNg_Annotations_Datepicker" name="test1_BootstrapDatePicker" time="0.006"/>
  <system-out/>
  <testcase classname="TestNgTutorials.TestNgTutorials.configurationAnnotations.TestNg_Annotations_Datepicker" name="test2_JQueryDatePicker" time="0.003"/>
  <system-out/>
</testsuite> <!-- TestNgTutorials.TestNgTutorials.configurationAnnotations.TestNg_Annotations_Datepicker -->
