<?xml version="1.0" encoding="UTF-8"?>
<!-- Generated by org.testng.reporters.JUnitReportReporter -->
<testsuite hostname="IXEDLAP00809" failures="0" tests="2" name="TestNgTutorials.TestNgTutorials.attributesInTestNG.dependsOnMethod.DependsOnMethodAttribute" time="12.633" errors="0" timestamp="2024-04-18T14:37:00 IST" skipped="0">
  <testcase classname="TestNgTutorials.TestNgTutorials.attributesInTestNG.dependsOnMethod.DependsOnMethodAttribute" name="method1" time="5.016"/>
  <system-out/>
  <testcase classname="TestNgTutorials.TestNgTutorials.attributesInTestNG.dependsOnMethod.DependsOnMethodAttribute" name="method2" time="7.617"/>
  <system-out/>
</testsuite> <!-- TestNgTutorials.TestNgTutorials.attributesInTestNG.dependsOnMethod.DependsOnMethodAttribute -->
