<?xml version="1.0" encoding="UTF-8"?>
<!-- Generated by org.testng.reporters.JUnitReportReporter -->
<testsuite hostname="IXEDLAP00809" failures="0" tests="10" name="TestNgTutorials.TestNgTutorials.attributesInTestNG.GroupAttributeAtClassLevel" time="0.018" errors="0" timestamp="2024-04-18T07:37:48 IST" skipped="0">
  <testcase classname="TestNgTutorials.TestNgTutorials.attributesInTestNG.GroupAttributeAtClassLevel" name="methodTest4" time="0.001"/>
  <system-out/>
  <testcase classname="TestNgTutorials.TestNgTutorials.attributesInTestNG.GroupAttributeAtClassLevel" name="methodTest3" time="0.001"/>
  <system-out/>
  <testcase classname="TestNgTutorials.TestNgTutorials.attributesInTestNG.GroupAttributeAtClassLevel" name="methodTest9" time="0.002"/>
  <system-out/>
  <testcase classname="TestNgTutorials.TestNgTutorials.attributesInTestNG.GroupAttributeAtClassLevel" name="methodTest10" time="0.001"/>
  <system-out/>
  <testcase classname="TestNgTutorials.TestNgTutorials.attributesInTestNG.GroupAttributeAtClassLevel" name="methodTest2" time="0.001"/>
  <system-out/>
  <testcase classname="TestNgTutorials.TestNgTutorials.attributesInTestNG.GroupAttributeAtClassLevel" name="methodTest6" time="0.003"/>
  <system-out/>
  <testcase classname="TestNgTutorials.TestNgTutorials.attributesInTestNG.GroupAttributeAtClassLevel" name="methodTest8" time="0.001"/>
  <system-out/>
  <testcase classname="TestNgTutorials.TestNgTutorials.attributesInTestNG.GroupAttributeAtClassLevel" name="methodTest5" time="0.001"/>
  <system-out/>
  <testcase classname="TestNgTutorials.TestNgTutorials.attributesInTestNG.GroupAttributeAtClassLevel" name="methodTest1" time="0.006"/>
  <system-out/>
  <testcase classname="TestNgTutorials.TestNgTutorials.attributesInTestNG.GroupAttributeAtClassLevel" name="methodTest7" time="0.001"/>
  <system-out/>
</testsuite> <!-- TestNgTutorials.TestNgTutorials.attributesInTestNG.GroupAttributeAtClassLevel -->
