<?xml version="1.0" encoding="UTF-8"?>
<!-- Generated by org.testng.reporters.JUnitReportReporter -->
<testsuite hostname="IXEDLAP00809" failures="0" tests="2" name="TestNgTutorials.TestNgTutorials.configurationAnnotations.TestAnnotations_Class" time="0.008" errors="0" timestamp="2024-04-16T07:28:17 IST" skipped="0">
  <testcase classname="TestNgTutorials.TestNgTutorials.configurationAnnotations.TestAnnotations_Class" name="test4_JQueryListBox" time="0.001"/>
  <system-out/>
  <testcase classname="TestNgTutorials.TestNgTutorials.configurationAnnotations.TestAnnotations_Class" name="test3_BootstrapListBox" time="0.007"/>
  <system-out/>
</testsuite> <!-- TestNgTutorials.TestNgTutorials.configurationAnnotations.TestAnnotations_Class -->
