<?xml version="1.0" encoding="UTF-8"?>
<!-- Generated by org.testng.reporters.JUnitReportReporter -->
<testsuite hostname="IXEDLAP00809" failures="0" tests="2" name="TestNgTutorials.TestNgTutorials.attributesInTestNG.EnableAttribute" time="0.006" errors="0" timestamp="2024-04-16T12:24:29 IST" skipped="1">
  <testcase classname="TestNgTutorials.TestNgTutorials.attributesInTestNG.EnableAttribute" name="testMethod1" time="0.006"/>
  <system-out/>
  <testcase classname="TestNgTutorials.TestNgTutorials.attributesInTestNG.EnableAttribute" name="testMethod2">
    <skipped/>
  </testcase> <!-- testMethod2 -->
  <system-out/>
</testsuite> <!-- TestNgTutorials.TestNgTutorials.attributesInTestNG.EnableAttribute -->
