<?xml version="1.0" encoding="UTF-8"?>
<!-- Generated by org.testng.reporters.JUnitReportReporter -->
<testsuite hostname="IXEDLAP00809" failures="0" tests="5" name="TestNgTutorials.TestNgTutorials.attributesInTestNG.GroupAttributeWithRegularExpression" time="0.012" errors="0" timestamp="2024-04-18T09:19:42 IST" skipped="0">
  <testcase classname="TestNgTutorials.TestNgTutorials.attributesInTestNG.GroupAttributeWithRegularExpression" name="methodTest10" time="0.001"/>
  <system-out/>
  <testcase classname="TestNgTutorials.TestNgTutorials.attributesInTestNG.GroupAttributeWithRegularExpression" name="methodTest1" time="0.008"/>
  <system-out/>
  <testcase classname="TestNgTutorials.TestNgTutorials.attributesInTestNG.GroupAttributeWithRegularExpression" name="methodTest5" time="0.001"/>
  <system-out/>
  <testcase classname="TestNgTutorials.TestNgTutorials.attributesInTestNG.GroupAttributeWithRegularExpression" name="methodTest2" time="0.002"/>
  <system-out/>
  <testcase classname="TestNgTutorials.TestNgTutorials.attributesInTestNG.GroupAttributeWithRegularExpression" name="methodTest7" time="0.000"/>
  <system-out/>
</testsuite> <!-- TestNgTutorials.TestNgTutorials.attributesInTestNG.GroupAttributeWithRegularExpression -->
