<?xml version="1.0" encoding="UTF-8"?>
<!-- Generated by org.testng.reporters.JUnitReportReporter -->
<testsuite hostname="IXEDLAP00809" failures="0" tests="3" name="TestNgTutorials.TestNgTutorials.attributesInTestNG.InvocationCountAttribute" time="0.009" errors="0" timestamp="2024-04-16T13:08:28 IST" skipped="0">
  <testcase classname="TestNgTutorials.TestNgTutorials.attributesInTestNG.InvocationCountAttribute" name="testMethod" time="0.001"/>
  <system-out/>
  <testcase classname="TestNgTutorials.TestNgTutorials.attributesInTestNG.InvocationCountAttribute" name="testMethod" time="0.007"/>
  <system-out/>
  <testcase classname="TestNgTutorials.TestNgTutorials.attributesInTestNG.InvocationCountAttribute" name="testMethod" time="0.001"/>
  <system-out/>
</testsuite> <!-- TestNgTutorials.TestNgTutorials.attributesInTestNG.InvocationCountAttribute -->
