<?xml version="1.0" encoding="UTF-8"?>
<!-- Generated by org.testng.reporters.JUnitReportReporter -->
<testsuite hostname="IXEDLAP00809" failures="0" tests="10" name="TestNgTutorials.TestNgTutorials.attributesInTestNG.GroupsAttributes" time="0.013" errors="0" timestamp="2024-04-18T07:11:45 IST" skipped="0">
  <testcase classname="TestNgTutorials.TestNgTutorials.attributesInTestNG.GroupsAttributes" name="methodTest20" time="0.000"/>
  <system-out/>
  <testcase classname="TestNgTutorials.TestNgTutorials.attributesInTestNG.GroupsAttributes" name="methodTest13" time="0.000"/>
  <system-out/>
  <testcase classname="TestNgTutorials.TestNgTutorials.attributesInTestNG.GroupsAttributes" name="methodTest17" time="0.001"/>
  <system-out/>
  <testcase classname="TestNgTutorials.TestNgTutorials.attributesInTestNG.GroupsAttributes" name="methodTest12" time="0.001"/>
  <system-out/>
  <testcase classname="TestNgTutorials.TestNgTutorials.attributesInTestNG.GroupsAttributes" name="methodTest19" time="0.001"/>
  <system-out/>
  <testcase classname="TestNgTutorials.TestNgTutorials.attributesInTestNG.GroupsAttributes" name="methodTest15" time="0.001"/>
  <system-out/>
  <testcase classname="TestNgTutorials.TestNgTutorials.attributesInTestNG.GroupsAttributes" name="methodTest18" time="0.001"/>
  <system-out/>
  <testcase classname="TestNgTutorials.TestNgTutorials.attributesInTestNG.GroupsAttributes" name="methodTest14" time="0.001"/>
  <system-out/>
  <testcase classname="TestNgTutorials.TestNgTutorials.attributesInTestNG.GroupsAttributes" name="methodTest11" time="0.006"/>
  <system-out/>
  <testcase classname="TestNgTutorials.TestNgTutorials.attributesInTestNG.GroupsAttributes" name="methodTest16" time="0.001"/>
  <system-out/>
</testsuite> <!-- TestNgTutorials.TestNgTutorials.attributesInTestNG.GroupsAttributes -->
